<?xml version="1.0" encoding="UTF-8"?>
<!-- Generated by org.testng.reporters.JUnitReportReporter -->
<testsuite hostname="DESKTOP-V6DM45N" failures="0" tests="1" name="Login" time="28.903" errors="0" timestamp="2021-09-13T12:21:57 IST" skipped="0">
  <testcase classname="Login" name="launchBrowser" time="28.903"/>
  <system-out/>
</testsuite> <!-- Login -->
