<?xml version="1.0" encoding="UTF-8"?>
<!-- Generated by org.testng.reporters.JUnitReportReporter -->
<testsuite skipped="0" hostname="DESKTOP-V6DM45N" name="Login" tests="1" failures="0" timestamp="2021-09-13T12:42:55 IST" time="21.676" errors="0">
  <testcase name="launchBrowser" time="21.676" classname="Login"/>
  <system-out/>
</testsuite> <!-- Login -->
